=== MACE Training Started ===
Sun 02 Nov 2025 02:32:56 AM KST
Working Directory: /data/dydtkddhkdwk/20251101_MOF_GCMC_WORKFLOW
Sun Nov  2 02:32:56 2025       
+---------------------------------------------------------------------------------------+
| NVIDIA-SMI 535.161.07             Driver Version: 535.161.07   CUDA Version: 12.2     |
|-----------------------------------------+----------------------+----------------------+
| GPU  Name                 Persistence-M | Bus-Id        Disp.A | Volatile Uncorr. ECC |
| Fan  Temp   Perf          Pwr:Usage/Cap |         Memory-Usage | GPU-Util  Compute M. |
|                                         |                      |               MIG M. |
|=========================================+======================+======================|
|   0  NVIDIA GeForce RTX 3090        On  | 00000000:43:00.0 Off |                  N/A |
| 61%   27C    P8              28W / 350W |      1MiB / 24576MiB |      0%      Default |
|                                         |                      |                  N/A |
+-----------------------------------------+----------------------+----------------------+
                                                                                         
+---------------------------------------------------------------------------------------+
| Processes:                                                                            |
|  GPU   GI   CI        PID   Type   Process name                            GPU Memory |
|        ID   ID                                                             Usage      |
|=======================================================================================|
|  No running processes found                                                           |
+---------------------------------------------------------------------------------------+
Traceback (most recent call last):
  File "/data/dydtkddhkdwk/20251101_MOF_GCMC_WORKFLOW/MOF_GCMC_MODEL.AL.test.py", line 67, in <module>
    json.dump(CONFIG, f, indent=4)
    ^^^^
NameError: name 'json' is not defined
=== Job Completed ===
Sun 02 Nov 2025 02:32:59 AM KST
